Build started 10/10/2018 5:01:09 PM.
     1>Project "C:\Program Files (x86)\Steam\steamapps\common\Quake 4\Midterm\solution\game.vcxproj" on node 2 (Build target(s)).
     1>C:\Program Files (x86)\MSBuild\Microsoft.Cpp\v4.0\V120\Microsoft.CppBuild.targets(381,5): warning MSB8028: The intermediate directory (../Win32/Release\) contains files shared from another project (idLib.vcxproj).  This can lead to incorrect clean and rebuild behavior.
     1>ClCompile:
         C:\Program Files (x86)\Microsoft Visual Studio 12.0\VC\bin\CL.exe /c /Zi /nologo /W4 /WX- /Ox /Ob1 /Oi /Oy- /D NDEBUG /D _WINDOWS /D _FINAL /D GAME_DLL /D Q4SDK /D _WINDLL /D _MBCS /GF /Gm- /EHsc /MT /GS- /Gy- /fp:precise /Zc:wchar_t /Zc:forScope /GR /Yu /Fp"../Win32/Release\Game/Game.pch" /Fo"../Win32/Release\Game/" /Fd"../Win32/Release\Gamex86.pdb" /Gd /TP /analyze- /errorReport:prompt game\physics\Physics_Player.cpp
         Physics_Player.cpp
     1>game\physics\Physics_Player.cpp(1): warning C4627: '#include "../../idlib/precompiled.h"': skipped when looking for precompiled header use
                 Add directive to 'precompiled header (.h) file' or rebuild precompiled header
     1>C:\Program Files (x86)\MSBuild\Microsoft.Cpp\v4.0\V120\Microsoft.CppBuild.targets(1186,5): warning MSB8012: TargetPath(C:\Program Files (x86)\Steam\steamapps\common\Quake 4\Midterm\solution\../Win32/Release\Game.dll) does not match the Linker's OutputFile property value (C:\Program Files (x86)\Steam\steamapps\common\Quake 4\Midterm\Gamex86.dll). This may cause your project to build incorrectly. To correct this, please make sure that $(OutDir), $(TargetName) and $(TargetExt) property values match the value specified in %(Link.OutputFile).
     1>C:\Program Files (x86)\MSBuild\Microsoft.Cpp\v4.0\V120\Microsoft.CppBuild.targets(1188,5): warning MSB8012: TargetName(Game) does not match the Linker's OutputFile property value (Gamex86). This may cause your project to build incorrectly. To correct this, please make sure that $(OutDir), $(TargetName) and $(TargetExt) property values match the value specified in %(Link.OutputFile).
       Link:
         C:\Program Files (x86)\Microsoft Visual Studio 12.0\VC\bin\link.exe /ERRORREPORT:PROMPT /OUT:"../Gamex86.dll" /INCREMENTAL:NO /NOLOGO ../Win32/Release\idLib.lib kernel32.lib user32.lib gdi32.lib winspool.lib comdlg32.lib advapi32.lib shell32.lib ole32.lib oleaut32.lib uuid.lib odbc32.lib odbccp32.lib /DEF:".\game\game.def" /MANIFEST /MANIFESTUAC:"level='asInvoker' uiAccess='false'" /manifest:embed /DEBUG /PDB:"../Win32/Release\Gamex86.pdb" /MAP:"../Win32/Release\Gamex86.map" /MAPINFO:EXPORTS /STACK:"4194304" /LARGEADDRESSAWARE /OPT:REF /OPT:ICF /TLBID:1 /BASE:"0x20000000" /DYNAMICBASE /NXCOMPAT /MACHINE:X86 /SAFESEH /MACHINE:I386 /fixed:no /DLL ../Win32/Release\Game/Actor.obj
         ../Win32/Release\Game/AF.obj
         ../Win32/Release\Game/AFEntity.obj
         ../Win32/Release\Game/BrittleFracture.obj
         ../Win32/Release\Game/Camera.obj
         ../Win32/Release\Game/ClientAFEntity.obj
         ../Win32/Release\Game/Effect.obj
         ../Win32/Release\Game/Entity.obj
         ../Win32/Release\Game/FreeView.obj
         ../Win32/Release\Game/Game_Debug.obj
         ../Win32/Release\Game/Game_local.obj
         ../Win32/Release\Game/Game_Log.obj
         ../Win32/Release\Game/Game_network.obj
         ../Win32/Release\Game/GameEdit.obj
         ../Win32/Release\Game/Healing_Station.obj
         ../Win32/Release\Game/Icon.obj
         ../Win32/Release\Game/IconManager.obj
         ../Win32/Release\Game/IK.obj
         ../Win32/Release\Game/Instance.obj
         ../Win32/Release\Game/Item.obj
         ../Win32/Release\Game/Light.obj
         ../Win32/Release\Game/LipSync.obj
         ../Win32/Release\Game/Misc.obj
         ../Win32/Release\Game/Moveable.obj
         ../Win32/Release\Game/Mover.obj
         ../Win32/Release\Game/MultiplayerGame.obj
         ../Win32/Release\Game/Playback.obj
         ../Win32/Release\Game/Player_Cheats.obj
         ../Win32/Release\Game/Projectile.obj
         ../Win32/Release\Game/Pvs.obj
         ../Win32/Release\Game/SecurityCamera.obj
         ../Win32/Release\Game/Sound.obj
         ../Win32/Release\Game/SplineMover.obj
         ../Win32/Release\Game/Target.obj
         ../Win32/Release\Game/TramGate.obj
         ../Win32/Release\Game/Trigger.obj
         ../Win32/Release\Game/WorldSpawn.obj
         ../Win32/Release\Game/AAS.obj
         ../Win32/Release\Game/AAS_debug.obj
         ../Win32/Release\Game/AAS_Find.obj
         ../Win32/Release\Game/AAS_pathing.obj
         ../Win32/Release\Game/AAS_routing.obj
         ../Win32/Release\Game/AAS_tactical.obj
         ../Win32/Release\Game/AI.obj
         ../Win32/Release\Game/AI_Actions.obj
         ../Win32/Release\Game/AI_Announcements.obj
         ../Win32/Release\Game/AI_Debug.obj
         ../Win32/Release\Game/AI_events.obj
         ../Win32/Release\Game/AI_Manager.obj
         ../Win32/Release\Game/AI_Medic.obj
         ../Win32/Release\Game/AI_Move.obj
         ../Win32/Release\Game/AI_pathing.obj
         ../Win32/Release\Game/AI_States.obj
         ../Win32/Release\Game/AI_Tactical.obj
         ../Win32/Release\Game/AI_Util.obj
         ../Win32/Release\Game/Monster_Berserker.obj
         ../Win32/Release\Game/Monster_BossBuddy.obj
         ../Win32/Release\Game/Monster_BossMakron.obj
         ../Win32/Release\Game/Monster_ConvoyGround.obj
         ../Win32/Release\Game/Monster_ConvoyHover.obj
         ../Win32/Release\Game/Monster_FailedTransfer.obj
         ../Win32/Release\Game/Monster_Fatty.obj
         ../Win32/Release\Game/Monster_Gladiator.obj
         ../Win32/Release\Game/Monster_Grunt.obj
         ../Win32/Release\Game/Monster_Gunner.obj
         ../Win32/Release\Game/Monster_Harvester.obj
         ../Win32/Release\Game/Monster_HarvesterDispersal.obj
         ../Win32/Release\Game/Monster_HeavyHoverTank.obj
         ../Win32/Release\Game/Monster_IronMaiden.obj
         ../Win32/Release\Game/Monster_LightTank.obj
         ../Win32/Release\Game/Monster_NetworkGuardian.obj
         ../Win32/Release\Game/Monster_RepairBot.obj
         ../Win32/Release\Game/Monster_Scientist.obj
         ../Win32/Release\Game/Monster_Sentry.obj
         ../Win32/Release\Game/Monster_SlimyTransfer.obj
         ../Win32/Release\Game/Monster_StreamProtector.obj
         ../Win32/Release\Game/Monster_StroggFlyer.obj
         ../Win32/Release\Game/Monster_StroggHover.obj
         ../Win32/Release\Game/Monster_StroggMarine.obj
         ../Win32/Release\Game/Monster_TeleportDropper.obj
         ../Win32/Release\Game/Monster_Turret.obj
         ../Win32/Release\Game/Monster_TurretFlying.obj
         ../Win32/Release\Game/spawner.obj
         ../Win32/Release\Game/VehicleAI.obj
         ../Win32/Release\Game/Anim.obj
         ../Win32/Release\Game/Anim_Blend.obj
         ../Win32/Release\Game/Anim_Import.obj
         ../Win32/Release\Game/Anim_Testmodel.obj
         ../Win32/Release\Game/ClientEffect.obj
         ../Win32/Release\Game/ClientEntity.obj
         ../Win32/Release\Game/ClientModel.obj
         ../Win32/Release\Game/ClientMoveable.obj
         ../Win32/Release\Game/Class.obj
         ../Win32/Release\Game/DebugGraph.obj
         ../Win32/Release\Game/Event.obj
         ../Win32/Release\Game/SaveGame.obj
         ../Win32/Release\Game/State.obj
         ../Win32/Release\Game/SysCmds.obj
         ../Win32/Release\Game/SysCvar.obj
         ../Win32/Release\Game/Clip.obj
         ../Win32/Release\Game/Force.obj
         ../Win32/Release\Game/Force_Constant.obj
         ../Win32/Release\Game/Force_Drag.obj
         ../Win32/Release\Game/Force_Field.obj
         ../Win32/Release\Game/Force_Spring.obj
         ../Win32/Release\Game/Physics.obj
         ../Win32/Release\Game/Physics_Actor.obj
         ../Win32/Release\Game/Physics_AF.obj
         ../Win32/Release\Game/Physics_Base.obj
         ../Win32/Release\Game/Physics_Monster.obj
         ../Win32/Release\Game/Physics_Parametric.obj
         ../Win32/Release\Game/Physics_Particle.obj
         ../Win32/Release\Game/Physics_Player.obj
         ../Win32/Release\Game/Physics_RigidBody.obj
         ../Win32/Release\Game/Physics_Static.obj
         ../Win32/Release\Game/Physics_StaticMulti.obj
         ../Win32/Release\Game/Physics_VehicleMonster.obj
         ../Win32/Release\Game/Push.obj
         ../Win32/Release\Game/Player.obj
         ../Win32/Release\Game/Player_States.obj
         ../Win32/Release\Game/PlayerView.obj
         ../Win32/Release\Game/Script_Compiler.obj
         ../Win32/Release\Game/Script_Interpreter.obj
         ../Win32/Release\Game/Script_Program.obj
         ../Win32/Release\Game/Script_Thread.obj
         ../Win32/Release\Game/ScriptFuncUtility.obj
         ../Win32/Release\Game/Vehicle.obj
         ../Win32/Release\Game/Vehicle_DropPod.obj
         ../Win32/Release\Game/Vehicle_Walker.obj
         ../Win32/Release\Game/VehicleAnimated.obj
         ../Win32/Release\Game/VehicleController.obj
         ../Win32/Release\Game/VehicleDriver.obj
         ../Win32/Release\Game/VehicleMonster.obj
         ../Win32/Release\Game/VehicleParts.obj
         ../Win32/Release\Game/VehiclePosition.obj
         ../Win32/Release\Game/VehicleRigid.obj
         ../Win32/Release\Game/VehicleSpline.obj
         ../Win32/Release\Game/VehicleStatic.obj
         ../Win32/Release\Game/Weapon.obj
         ../Win32/Release\Game/WeaponBlaster.obj
         ../Win32/Release\Game/WeaponDarkMatterGun.obj
         ../Win32/Release\Game/WeaponGauntlet.obj
         ../Win32/Release\Game/WeaponGrenadeLauncher.obj
         ../Win32/Release\Game/WeaponHyperblaster.obj
         ../Win32/Release\Game/WeaponLightningGun.obj
         ../Win32/Release\Game/WeaponMachinegun.obj
         ../Win32/Release\Game/WeaponNailgun.obj
         ../Win32/Release\Game/WeaponNapalmGun.obj
         ../Win32/Release\Game/WeaponRailgun.obj
         ../Win32/Release\Game/WeaponRocketLauncher.obj
         ../Win32/Release\Game/WeaponShotgun.obj
         ../Win32/Release\Game/Buying.obj
         ../Win32/Release\Game/CTF.obj
         ../Win32/Release\Game/GameState.obj
         ../Win32/Release\Game/Tourney.obj
         ../Win32/Release\Game/VoiceComms.obj
         ../Win32/Release\Game/StatEvent.obj
         ../Win32/Release\Game/StatManager.obj
         ../Win32/Release\Game/StatWindow.obj
         "C:\Program Files (x86)\Steam\steamapps\common\Quake 4\Midterm\Win32\Release\idLib.lib"
            Creating library ../Gamex86.lib and object ../Gamex86.exp
         game.vcxproj -> C:\Program Files (x86)\Steam\steamapps\common\Quake 4\Midterm\solution\../Win32/Release\Game.dll
     1>Done Building Project "C:\Program Files (x86)\Steam\steamapps\common\Quake 4\Midterm\solution\game.vcxproj" (Build target(s)).

Build succeeded.

Time Elapsed 00:00:02.39
